
[34m‚Ėą‚Ėą     ‚Ėą‚Ėą ‚Ėą‚Ėą ‚Ėą‚Ėą‚Ėą‚Ėą‚Ėą‚Ėą  ‚Ėą‚Ėą‚Ėą‚Ėą‚Ėą‚Ėą‚Ėą [33m‚Ėą‚Ėą‚Ėą    ‚Ėą‚Ėą‚Ėą  ‚Ėą‚Ėą‚Ėą‚Ėą‚Ėą‚Ėą   ‚Ėą‚Ėą‚Ėą‚Ėą‚Ėą‚Ėą ‚Ėą‚Ėą   ‚Ėą‚Ėą 
[34m‚Ėą‚Ėą     ‚Ėą‚Ėą ‚Ėą‚Ėą ‚Ėą‚Ėą   ‚Ėą‚Ėą ‚Ėą‚Ėą      [33m‚Ėą‚Ėą‚Ėą‚Ėą  ‚Ėą‚Ėą‚Ėą‚Ėą ‚Ėą‚Ėą    ‚Ėą‚Ėą ‚Ėą‚Ėą      ‚Ėą‚Ėą  ‚Ėą‚Ėą  
[34m‚Ėą‚Ėą  ‚Ėą  ‚Ėą‚Ėą ‚Ėą‚Ėą ‚Ėą‚Ėą‚Ėą‚Ėą‚Ėą‚Ėą  ‚Ėą‚Ėą‚Ėą‚Ėą‚Ėą   [33m‚Ėą‚Ėą ‚Ėą‚Ėą‚Ėą‚Ėą ‚Ėą‚Ėą ‚Ėą‚Ėą    ‚Ėą‚Ėą ‚Ėą‚Ėą      ‚Ėą‚Ėą‚Ėą‚Ėą‚Ėą   
[34m‚Ėą‚Ėą ‚Ėą‚Ėą‚Ėą ‚Ėą‚Ėą ‚Ėą‚Ėą ‚Ėą‚Ėą   ‚Ėą‚Ėą ‚Ėą‚Ėą      [33m‚Ėą‚Ėą  ‚Ėą‚Ėą  ‚Ėą‚Ėą ‚Ėą‚Ėą    ‚Ėą‚Ėą ‚Ėą‚Ėą      ‚Ėą‚Ėą  ‚Ėą‚Ėą  
[34m ‚Ėą‚Ėą‚Ėą ‚Ėą‚Ėą‚Ėą  ‚Ėą‚Ėą ‚Ėą‚Ėą   ‚Ėą‚Ėą ‚Ėą‚Ėą‚Ėą‚Ėą‚Ėą‚Ėą‚Ėą [33m‚Ėą‚Ėą      ‚Ėą‚Ėą  ‚Ėą‚Ėą‚Ėą‚Ėą‚Ėą‚Ėą   ‚Ėą‚Ėą‚Ėą‚Ėą‚Ėą‚Ėą ‚Ėą‚Ėą   ‚Ėą‚Ėą 

[0m----------------------------------------------------------------
|               Cloud: https://wiremock.io/cloud               |
|                                                              |
|               Slack: https://slack.wiremock.org              |
----------------------------------------------------------------

version:                      3.4.1
port:                         9999
enable-browser-proxying:      true
trust-all-proxy-targets:      false
ca-keystore:                  /Users/yhraichonak/.wiremock/ca-keystore.jks
ca-keystore-type:             jks
disable-banner:               false
no-request-journal:           false
verbose:                      false

extensions:                   response-template,webhook
